<?xml version="1.0" encoding="UTF-8"?>
<testng-results ignored="0" total="1" passed="1" failed="0" skipped="0">
  <reporter-output>
  </reporter-output>
  <suite started-at="2021-02-11T17:03:10 IST" name="Default suite" finished-at="2021-02-11T17:03:45 IST" duration-ms="34521">
    <groups>
    </groups>
    <test started-at="2021-02-11T17:03:10 IST" name="Default test" finished-at="2021-02-11T17:03:45 IST" duration-ms="34521">
      <class name="com.testcases.ReviewWalletHubInsaurance">
        <test-method is-config="true" signature="startBrowser()[pri:0, instance:com.testcases.ReviewWalletHubInsaurance@51e69659]" started-at="2021-02-11T17:02:53 IST" name="startBrowser" finished-at="2021-02-11T17:03:10 IST" duration-ms="17147" status="PASS">
          <reporter-output>
          </reporter-output>
        </test-method> <!-- startBrowser -->
        <test-method signature="ReviewInsaurance()[pri:0, instance:com.testcases.ReviewWalletHubInsaurance@51e69659]" started-at="2021-02-11T17:03:10 IST" name="ReviewInsaurance" finished-at="2021-02-11T17:03:45 IST" duration-ms="34393" status="PASS">
          <reporter-output>
          </reporter-output>
        </test-method> <!-- ReviewInsaurance -->
        <test-method is-config="true" signature="quitBrowser()[pri:0, instance:com.testcases.ReviewWalletHubInsaurance@51e69659]" started-at="2021-02-11T17:03:45 IST" name="quitBrowser" finished-at="2021-02-11T17:03:45 IST" duration-ms="1" status="PASS">
          <reporter-output>
          </reporter-output>
        </test-method> <!-- quitBrowser -->
      </class> <!-- com.testcases.ReviewWalletHubInsaurance -->
    </test> <!-- Default test -->
  </suite> <!-- Default suite -->
</testng-results>
